0 info it worked if it ends with ok
1 verbose cli [ 'D:\\李梦龙软件\\nodejs\\\\node.exe',
1 verbose cli   'D:\\李梦龙软件\\nodejs\\node_modules\\npm\\bin\\npm-cli.js',
1 verbose cli   'install' ]
2 info using npm@2.11.3
3 info using node@v0.12.7
4 verbose readDependencies loading dependencies from E:\git\node-ccap\package.json
5 warn package.json ccap@1.0.0 'description' field should be a string
6 warn package.json ccap@1.0.0 No repository field.
7 verbose install where, deps [ 'E:\\git\\node-ccap', [ 'ccap', 'querystring' ] ]
8 verbose install where, peers [ 'E:\\git\\node-ccap', [] ]
9 verbose installManyTop reading for lifecycle E:\git\node-ccap\package.json
10 info preinstall ccap@1.0.0
11 verbose readDependencies loading dependencies from E:\git\node-ccap\package.json
12 silly cache add args [ 'ccap@^0.6.0', null ]
13 verbose cache add spec ccap@^0.6.0
14 silly cache add args [ 'querystring@^0.2.0', null ]
15 verbose cache add spec querystring@^0.2.0
16 silly cache add parsed spec { raw: 'ccap@^0.6.0',
16 silly cache add   scope: null,
16 silly cache add   name: 'ccap',
16 silly cache add   rawSpec: '^0.6.0',
16 silly cache add   spec: '>=0.6.0 <0.7.0',
16 silly cache add   type: 'range' }
17 silly addNamed ccap@>=0.6.0 <0.7.0
18 verbose addNamed ">=0.6.0 <0.7.0" is a valid semver range for ccap
19 silly addNameRange { name: 'ccap', range: '>=0.6.0 <0.7.0', hasData: false }
20 silly mapToRegistry name ccap
21 silly mapToRegistry using default registry
22 silly mapToRegistry registry https://registry.npmjs.org/
23 silly mapToRegistry uri https://registry.npmjs.org/ccap
24 verbose addNameRange registry:https://registry.npmjs.org/ccap not in flight; fetching
25 silly cache add parsed spec { raw: 'querystring@^0.2.0',
25 silly cache add   scope: null,
25 silly cache add   name: 'querystring',
25 silly cache add   rawSpec: '^0.2.0',
25 silly cache add   spec: '>=0.2.0 <0.3.0',
25 silly cache add   type: 'range' }
26 silly addNamed querystring@>=0.2.0 <0.3.0
27 verbose addNamed ">=0.2.0 <0.3.0" is a valid semver range for querystring
28 silly addNameRange { name: 'querystring', range: '>=0.2.0 <0.3.0', hasData: false }
29 silly mapToRegistry name querystring
30 silly mapToRegistry using default registry
31 silly mapToRegistry registry https://registry.npmjs.org/
32 silly mapToRegistry uri https://registry.npmjs.org/querystring
33 verbose addNameRange registry:https://registry.npmjs.org/querystring not in flight; fetching
34 verbose request uri https://registry.npmjs.org/querystring
35 verbose request no auth needed
36 info attempt registry request try #1 at 17:09:10
37 verbose request id db31a227174049f8
38 verbose etag "19E9FP8PPFCEPU8ZBVBU0CHYY"
39 http request GET https://registry.npmjs.org/querystring
40 verbose request uri https://registry.npmjs.org/ccap
41 verbose request no auth needed
42 info attempt registry request try #1 at 17:09:10
43 verbose etag "DNNE3Y6E8G10UP4LM90F2G5TE"
44 http request GET https://registry.npmjs.org/ccap
45 http 304 https://registry.npmjs.org/querystring
46 silly get cb [ 304,
46 silly get   { date: 'Tue, 13 Oct 2015 09:08:24 GMT',
46 silly get     via: '1.1 varnish',
46 silly get     'cache-control': 'max-age=60',
46 silly get     etag: '"19E9FP8PPFCEPU8ZBVBU0CHYY"',
46 silly get     age: '56',
46 silly get     connection: 'keep-alive',
46 silly get     'x-served-by': 'cache-itm7424-ITM',
46 silly get     'x-cache': 'HIT',
46 silly get     'x-cache-hits': '1',
46 silly get     'x-timer': 'S1444727304.892015,VS0,VE0',
46 silly get     vary: 'Accept' } ]
47 verbose etag https://registry.npmjs.org/querystring from cache
48 verbose get saving querystring to C:\Users\Administrator\AppData\Roaming\npm-cache\registry.npmjs.org\querystring\.cache.json
49 silly addNameRange number 2 { name: 'querystring', range: '>=0.2.0 <0.3.0', hasData: true }
50 silly addNameRange versions [ 'querystring', [ '0.0.1', '0.0.4', '0.1.0', '0.2.0' ] ]
51 silly addNamed querystring@0.2.0
52 verbose addNamed "0.2.0" is a plain semver version for querystring
53 silly cache afterAdd querystring@0.2.0
54 verbose afterAdd C:\Users\Administrator\AppData\Roaming\npm-cache\querystring\0.2.0\package\package.json not in flight; writing
55 verbose afterAdd C:\Users\Administrator\AppData\Roaming\npm-cache\querystring\0.2.0\package\package.json written
56 http 304 https://registry.npmjs.org/ccap
57 silly get cb [ 304,
57 silly get   { date: 'Tue, 13 Oct 2015 09:08:24 GMT',
57 silly get     via: '1.1 varnish',
57 silly get     'cache-control': 'max-age=60',
57 silly get     etag: '"DNNE3Y6E8G10UP4LM90F2G5TE"',
57 silly get     age: '0',
57 silly get     connection: 'keep-alive',
57 silly get     'x-served-by': 'cache-itm7427-ITM',
57 silly get     'x-cache': 'MISS',
57 silly get     'x-cache-hits': '0',
57 silly get     'x-timer': 'S1444727304.890428,VS0,VE135',
57 silly get     vary: 'Accept' } ]
58 verbose etag https://registry.npmjs.org/ccap from cache
59 verbose get saving ccap to C:\Users\Administrator\AppData\Roaming\npm-cache\registry.npmjs.org\ccap\.cache.json
60 silly addNameRange number 2 { name: 'ccap', range: '>=0.6.0 <0.7.0', hasData: true }
61 silly addNameRange versions [ 'ccap',
61 silly addNameRange   [ '0.1.0',
61 silly addNameRange     '0.1.1',
61 silly addNameRange     '0.1.2',
61 silly addNameRange     '0.1.3',
61 silly addNameRange     '0.1.4',
61 silly addNameRange     '0.1.5',
61 silly addNameRange     '0.1.6',
61 silly addNameRange     '0.1.7',
61 silly addNameRange     '0.1.8',
61 silly addNameRange     '0.1.9',
61 silly addNameRange     '0.1.10',
61 silly addNameRange     '0.1.11',
61 silly addNameRange     '0.1.12',
61 silly addNameRange     '0.2.0',
61 silly addNameRange     '0.2.1',
61 silly addNameRange     '0.2.2',
61 silly addNameRange     '0.2.3',
61 silly addNameRange     '0.2.4',
61 silly addNameRange     '0.3.0',
61 silly addNameRange     '0.3.1',
61 silly addNameRange     '0.3.2',
61 silly addNameRange     '0.3.3',
61 silly addNameRange     '0.3.4',
61 silly addNameRange     '0.3.6',
61 silly addNameRange     '0.3.7',
61 silly addNameRange     '0.3.8',
61 silly addNameRange     '0.4.0',
61 silly addNameRange     '0.4.1',
61 silly addNameRange     '0.4.3',
61 silly addNameRange     '0.4.4',
61 silly addNameRange     '0.5.0',
61 silly addNameRange     '0.5.1',
61 silly addNameRange     '0.5.2',
61 silly addNameRange     '0.5.3',
61 silly addNameRange     '0.6.0',
61 silly addNameRange     '0.6.1',
61 silly addNameRange     '0.6.3',
61 silly addNameRange     '0.6.4' ] ]
62 silly addNamed ccap@0.6.4
63 verbose addNamed "0.6.4" is a plain semver version for ccap
64 silly cache afterAdd ccap@0.6.4
65 verbose afterAdd C:\Users\Administrator\AppData\Roaming\npm-cache\ccap\0.6.4\package\package.json not in flight; writing
66 verbose afterAdd C:\Users\Administrator\AppData\Roaming\npm-cache\ccap\0.6.4\package\package.json written
67 silly install resolved [ { name: 'querystring',
67 silly install resolved     id: 'querystring',
67 silly install resolved     version: '0.2.0',
67 silly install resolved     description: 'Node\'s querystring module for all engines.',
67 silly install resolved     keywords: [ 'commonjs', 'query', 'querystring' ],
67 silly install resolved     author: { name: 'Irakli Gozalishvili', email: 'rfobic@gmail.com' },
67 silly install resolved     repository:
67 silly install resolved      { type: 'git',
67 silly install resolved        url: 'git://github.com/Gozala/querystring.git',
67 silly install resolved        web: 'https://github.com/Gozala/querystring' },
67 silly install resolved     bugs: { url: 'http://github.com/Gozala/querystring/issues/' },
67 silly install resolved     devDependencies:
67 silly install resolved      { test: '~0.x.0',
67 silly install resolved        phantomify: '~0.x.0',
67 silly install resolved        retape: '~0.x.0',
67 silly install resolved        tape: '~0.1.5' },
67 silly install resolved     engines: { node: '>=0.4.x' },
67 silly install resolved     scripts:
67 silly install resolved      { test: 'npm run test-node && npm run test-browser && npm run test-tap',
67 silly install resolved        'test-browser': 'node ./node_modules/phantomify/bin/cmd.js ./test/common-index.js',
67 silly install resolved        'test-node': 'node ./test/common-index.js',
67 silly install resolved        'test-tap': 'node ./test/tap-index.js' },
67 silly install resolved     testling: { files: 'test/tap-index.js', browsers: [Object] },
67 silly install resolved     licenses: [ [Object] ],
67 silly install resolved     _id: 'querystring@0.2.0',
67 silly install resolved     dist:
67 silly install resolved      { shasum: 'b209849203bb25df820da756e747005878521620',
67 silly install resolved        tarball: 'http://registry.npmjs.org/querystring/-/querystring-0.2.0.tgz' },
67 silly install resolved     _npmVersion: '1.1.65',
67 silly install resolved     _npmUser: { name: 'gozala', email: 'rfobic@gmail.com' },
67 silly install resolved     maintainers: [ [Object] ],
67 silly install resolved     directories: {},
67 silly install resolved     _shasum: 'b209849203bb25df820da756e747005878521620',
67 silly install resolved     _resolved: 'https://registry.npmjs.org/querystring/-/querystring-0.2.0.tgz',
67 silly install resolved     _from: 'querystring@>=0.2.0 <0.3.0',
67 silly install resolved     readme: 'ERROR: No README data found!',
67 silly install resolved     homepage: 'https://github.com/Gozala/querystring#readme' },
67 silly install resolved   { author:
67 silly install resolved      { name: 'doublespout',
67 silly install resolved        email: 'snoopyxdy@163.com',
67 silly install resolved        url: 'http://snoopyxdy.blog.163.com' },
67 silly install resolved     name: 'ccap',
67 silly install resolved     description: 'node.js generate captcha using c++ library CImg without install any other lib or software',
67 silly install resolved     keywords: [ 'node', 'captcha', 'c++', 'image', 'CImg' ],
67 silly install resolved     version: '0.6.4',
67 silly install resolved     url: 'https://github.com/DoubleSpout/ccap',
67 silly install resolved     homepage: 'https://github.com/DoubleSpout/ccap',
67 silly install resolved     repository:
67 silly install resolved      { type: 'git',
67 silly install resolved        url: 'git+https://github.com/DoubleSpout/ccap.git' },
67 silly install resolved     main: 'index.js',
67 silly install resolved     engines: { node: '>=0.12.0' },
67 silly install resolved     scripts:
67 silly install resolved      { preinstall: 'node make.js',
67 silly install resolved        install: 'node-gyp rebuild',
67 silly install resolved        test: 'node ./test/main_test.js' },
67 silly install resolved     gypfile: true,
67 silly install resolved     _id: 'ccap@0.6.4',
67 silly install resolved     _from: 'ccap@>=0.6.0 <0.7.0',
67 silly install resolved     dist:
67 silly install resolved      { shasum: 'ee2f51f5aefac3b2cf285c4a0555beeb020bc621',
67 silly install resolved        tarball: 'http://registry.npmjs.org/ccap/-/ccap-0.6.4.tgz' },
67 silly install resolved     dependencies: { async: '1.4.2', 'node-schedule': '0.1.13', nan: '1.7.0' },
67 silly install resolved     _resolved: 'https://registry.npmjs.org/ccap/-/ccap-0.6.4.tgz',
67 silly install resolved     gitHead: '1654f91348a0b1f5862a2d60dd9aa22ead3f4dfb',
67 silly install resolved     bugs: { url: 'https://github.com/DoubleSpout/ccap/issues' },
67 silly install resolved     _shasum: 'ee2f51f5aefac3b2cf285c4a0555beeb020bc621',
67 silly install resolved     _npmVersion: '2.11.3',
67 silly install resolved     _nodeVersion: '0.12.7',
67 silly install resolved     _npmUser: { name: 'doublespout', email: 'snoopyxdy@gmail.com' },
67 silly install resolved     maintainers: [ [Object] ],
67 silly install resolved     directories: {},
67 silly install resolved     readme: 'ERROR: No README data found!' } ]
68 info install querystring@0.2.0 into E:\git\node-ccap
69 info install ccap@0.6.4 into E:\git\node-ccap
70 info installOne querystring@0.2.0
71 verbose installOne of querystring to E:\git\node-ccap not in flight; installing
72 info installOne ccap@0.6.4
73 verbose installOne of ccap to E:\git\node-ccap not in flight; installing
74 verbose lock using C:\Users\Administrator\AppData\Roaming\npm-cache\_locks\querystring-752b23e93c1e4214.lock for E:\git\node-ccap\node_modules\querystring
75 silly install write writing querystring 0.2.0 to E:\git\node-ccap\node_modules\querystring
76 verbose lock using C:\Users\Administrator\AppData\Roaming\npm-cache\_locks\ccap-467accc102f19160.lock for E:\git\node-ccap\node_modules\ccap
77 silly install write writing ccap 0.6.4 to E:\git\node-ccap\node_modules\ccap
78 verbose unbuild node_modules\querystring
79 silly gentlyRm E:\git\node-ccap\node_modules\querystring is being purged from base E:\git\node-ccap
80 verbose gentlyRm don't care about contents; nuking E:\git\node-ccap\node_modules\querystring
81 verbose unbuild node_modules\ccap
82 verbose tar unpack C:\Users\Administrator\AppData\Roaming\npm-cache\querystring\0.2.0\package.tgz
83 verbose tar unpacking to E:\git\node-ccap\node_modules\querystring
84 silly gentlyRm E:\git\node-ccap\node_modules\querystring is being purged
85 verbose gentlyRm don't care about contents; nuking E:\git\node-ccap\node_modules\querystring
86 silly gunzTarPerm modes [ '777', '666' ]
87 silly gentlyRm E:\git\node-ccap\node_modules\ccap is being purged from base E:\git\node-ccap
88 verbose gentlyRm don't care about contents; nuking E:\git\node-ccap\node_modules\ccap
89 verbose tar unpack C:\Users\Administrator\AppData\Roaming\npm-cache\ccap\0.6.4\package.tgz
90 verbose tar unpacking to E:\git\node-ccap\node_modules\ccap
91 silly gentlyRm E:\git\node-ccap\node_modules\ccap is being purged
92 verbose gentlyRm don't care about contents; nuking E:\git\node-ccap\node_modules\ccap
93 silly gunzTarPerm modes [ '777', '666' ]
94 silly gunzTarPerm extractEntry package.json
95 silly gunzTarPerm modified mode [ 'package.json', 420, 438 ]
96 silly gunzTarPerm extractEntry decode.js
97 silly gunzTarPerm modified mode [ 'decode.js', 420, 438 ]
98 silly gunzTarPerm extractEntry encode.js
99 silly gunzTarPerm modified mode [ 'encode.js', 420, 438 ]
100 silly gunzTarPerm extractEntry package.json
101 silly gunzTarPerm extractEntry .npmignore
102 silly gunzTarPerm extractEntry make.js
103 silly gunzTarPerm extractEntry index.js
104 silly gunzTarPerm modified mode [ 'index.js', 420, 438 ]
105 silly gunzTarPerm extractEntry History.md
106 silly gunzTarPerm modified mode [ 'History.md', 420, 438 ]
107 silly gunzTarPerm extractEntry index.js
108 silly gunzTarPerm extractEntry binding.gyp
109 silly gunzTarPerm extractEntry .Readme.md.un~
110 silly gunzTarPerm modified mode [ '.Readme.md.un~', 420, 438 ]
111 silly gunzTarPerm extractEntry .package.json.un~
112 silly gunzTarPerm modified mode [ '.package.json.un~', 420, 438 ]
113 silly gunzTarPerm extractEntry example/custom_get.js
114 silly gunzTarPerm extractEntry example/custom_get2.js
115 silly gunzTarPerm extractEntry .travis.yml
116 silly gunzTarPerm modified mode [ '.travis.yml', 420, 438 ]
117 silly gunzTarPerm extractEntry example/default_get.js
118 silly gunzTarPerm extractEntry example/web_example.js
119 silly gunzTarPerm extractEntry License.md
120 silly gunzTarPerm modified mode [ 'License.md', 420, 438 ]
121 silly gunzTarPerm extractEntry .History.md.un~
122 silly gunzTarPerm modified mode [ '.History.md.un~', 420, 438 ]
123 silly gunzTarPerm extractEntry Readme.md
124 silly gunzTarPerm modified mode [ 'Readme.md', 420, 438 ]
125 silly gunzTarPerm extractEntry test/common-index.js
126 silly gunzTarPerm modified mode [ 'test/common-index.js', 420, 438 ]
127 silly gunzTarPerm extractEntry .travis.yml
128 silly gunzTarPerm extractEntry lib/dir.js
129 silly gunzTarPerm extractEntry lib/gen.js
130 silly gunzTarPerm extractEntry lib/hcap.js
131 silly gunzTarPerm extractEntry test/index.js
132 silly gunzTarPerm modified mode [ 'test/index.js', 420, 438 ]
133 silly gunzTarPerm extractEntry test/tap-index.js
134 silly gunzTarPerm modified mode [ 'test/tap-index.js', 420, 438 ]
135 silly gunzTarPerm extractEntry lib/timer.js
136 silly gunzTarPerm extractEntry benchmark/generate.js
137 silly gunzTarPerm extractEntry test/.index.js.un~
138 silly gunzTarPerm modified mode [ 'test/.index.js.un~', 420, 438 ]
139 silly gunzTarPerm extractEntry addon/cap.cc
140 silly gunzTarPerm extractEntry addon/cap.h
141 silly gunzTarPerm extractEntry addon/hcaptha.cc
142 silly gunzTarPerm extractEntry addon/jpeglib/jddctmgr.c
143 silly gunzTarPerm extractEntry addon/jpeglib/CImg.h
144 verbose write writing to E:\git\node-ccap\node_modules\querystring\package.json
145 info preinstall querystring@0.2.0
146 verbose readDependencies loading dependencies from E:\git\node-ccap\node_modules\querystring\package.json
147 verbose readDependencies loading dependencies from E:\git\node-ccap\node_modules\querystring\package.json
148 silly install resolved []
149 verbose about to build E:\git\node-ccap\node_modules\querystring
150 info build E:\git\node-ccap\node_modules\querystring
151 info linkStuff querystring@0.2.0
152 silly linkStuff querystring@0.2.0 has E:\git\node-ccap\node_modules as its parent node_modules
153 verbose linkBins querystring@0.2.0
154 verbose linkMans querystring@0.2.0
155 verbose rebuildBundles querystring@0.2.0
156 info install querystring@0.2.0
157 info postinstall querystring@0.2.0
158 silly gunzTarPerm extractEntry addon/jpeglib/Licence_CeCILL_V2-en.txt
159 verbose unlock done using C:\Users\Administrator\AppData\Roaming\npm-cache\_locks\querystring-752b23e93c1e4214.lock for E:\git\node-ccap\node_modules\querystring
160 silly gunzTarPerm extractEntry addon/jpeglib/README.txt
161 silly gunzTarPerm extractEntry addon/jpeglib/cderror.h
162 silly gunzTarPerm extractEntry addon/jpeglib/cdjpeg.h
163 silly gunzTarPerm extractEntry addon/jpeglib/jaricom.c
164 silly gunzTarPerm extractEntry addon/jpeglib/jcapimin.c
165 silly gunzTarPerm extractEntry addon/jpeglib/jcapistd.c
166 silly gunzTarPerm extractEntry addon/jpeglib/jcarith.c
167 silly gunzTarPerm extractEntry addon/jpeglib/jccoefct.c
168 silly gunzTarPerm extractEntry addon/jpeglib/jccolor.c
169 silly gunzTarPerm extractEntry addon/jpeglib/jcdctmgr.c
170 silly gunzTarPerm extractEntry addon/jpeglib/jchuff.c
171 silly gunzTarPerm extractEntry addon/jpeglib/jcinit.c
172 silly gunzTarPerm extractEntry addon/jpeglib/jcmainct.c
173 silly gunzTarPerm extractEntry addon/jpeglib/jcmarker.c
174 silly gunzTarPerm extractEntry addon/jpeglib/jcmaster.c
175 silly gunzTarPerm extractEntry addon/jpeglib/jcomapi.c
176 silly gunzTarPerm extractEntry addon/jpeglib/jconfig.h
177 silly gunzTarPerm extractEntry addon/jpeglib/jcparam.c
178 silly gunzTarPerm extractEntry addon/jpeglib/jcprepct.c
179 silly gunzTarPerm extractEntry addon/jpeglib/jcsample.c
180 silly gunzTarPerm extractEntry addon/jpeglib/jctrans.c
181 silly gunzTarPerm extractEntry addon/jpeglib/jdapimin.c
182 silly gunzTarPerm extractEntry addon/jpeglib/jdapistd.c
183 silly gunzTarPerm extractEntry addon/jpeglib/jdarith.c
184 silly gunzTarPerm extractEntry addon/jpeglib/jdatadst.c
185 silly gunzTarPerm extractEntry addon/jpeglib/jdatasrc.c
186 silly gunzTarPerm extractEntry addon/jpeglib/jdcoefct.c
187 silly gunzTarPerm extractEntry addon/jpeglib/jdcolor.c
188 silly gunzTarPerm extractEntry addon/jpeglib/jdct.h
189 silly gunzTarPerm extractEntry addon/jpeglib/Licence_CeCILL-C_V1-en.txt
190 silly gunzTarPerm extractEntry addon/jpeglib/jdhuff.c
191 silly gunzTarPerm extractEntry addon/jpeglib/jdinput.c
192 silly gunzTarPerm extractEntry addon/jpeglib/jdmainct.c
193 silly gunzTarPerm extractEntry addon/jpeglib/jdmarker.c
194 silly gunzTarPerm extractEntry addon/jpeglib/jdmaster.c
195 silly gunzTarPerm extractEntry addon/jpeglib/jdmerge.c
196 silly gunzTarPerm extractEntry addon/jpeglib/jdpostct.c
197 silly gunzTarPerm extractEntry addon/jpeglib/jdsample.c
198 silly gunzTarPerm extractEntry addon/jpeglib/jdtrans.c
199 silly gunzTarPerm extractEntry addon/jpeglib/jerror.c
200 silly gunzTarPerm extractEntry addon/jpeglib/jerror.h
201 silly gunzTarPerm extractEntry addon/jpeglib/jfdctflt.c
202 silly gunzTarPerm extractEntry addon/jpeglib/jfdctfst.c
203 silly gunzTarPerm extractEntry addon/jpeglib/jfdctint.c
204 silly gunzTarPerm extractEntry addon/jpeglib/jidctflt.c
205 silly gunzTarPerm extractEntry addon/jpeglib/jidctfst.c
206 silly gunzTarPerm extractEntry addon/jpeglib/jidctint.c
207 silly gunzTarPerm extractEntry addon/jpeglib/jinclude.h
208 silly gunzTarPerm extractEntry addon/jpeglib/jmemmgr.c
209 silly gunzTarPerm extractEntry addon/jpeglib/jmemnobs.c
210 silly gunzTarPerm extractEntry addon/jpeglib/jmemsys.h
211 silly gunzTarPerm extractEntry addon/jpeglib/jmorecfg.h
212 silly gunzTarPerm extractEntry addon/jpeglib/jpegint.h
213 silly gunzTarPerm extractEntry addon/jpeglib/jpeglib.h
214 silly gunzTarPerm extractEntry addon/jpeglib/jquant1.c
215 silly gunzTarPerm extractEntry addon/jpeglib/jquant2.c
216 silly gunzTarPerm extractEntry addon/jpeglib/jutils.c
217 silly gunzTarPerm extractEntry addon/jpeglib/jversion.h
218 silly gunzTarPerm extractEntry addon/jpeglib/libjpeg.so
219 silly gunzTarPerm extractEntry addon/jpeglib/plugins/jpeg_buffer.h
220 silly gunzTarPerm extractEntry addon/jpeglib/plugins/add_fileformat.h
221 silly gunzTarPerm extractEntry addon/jpeglib/plugins/cimg_ipl.h
222 silly gunzTarPerm extractEntry addon/jpeglib/plugins/cimgmatlab.h
223 silly gunzTarPerm extractEntry addon/jpeglib/plugins/draw_gradient.h
224 silly gunzTarPerm extractEntry addon/jpeglib/plugins/cimgIPL.h
225 silly gunzTarPerm extractEntry addon/jpeglib/plugins/loop_macros.h
226 silly gunzTarPerm extractEntry addon/jpeglib/plugins/nlmeans.h
227 silly gunzTarPerm extractEntry addon/jpeglib/plugins/skeleton.h
228 silly gunzTarPerm extractEntry addon/jpeglib/plugins/vrml.h
229 silly gunzTarPerm extractEntry addon/jpeglib/plugins/vtk.h
230 silly gunzTarPerm extractEntry addon/jpeglib/resources/compile_win_icl.bat
231 silly gunzTarPerm extractEntry addon/jpeglib/resources/compile_win_visualcpp.bat
232 silly gunzTarPerm extractEntry addon/jpeglib/transupp.h
233 silly gunzTarPerm extractEntry addon/libjpeg.dll
234 silly gunzTarPerm extractEntry readme.md
235 silly gunzTarPerm extractEntry test/main_test.js
236 verbose write writing to E:\git\node-ccap\node_modules\ccap\package.json
237 info preinstall ccap@0.6.4
238 verbose unsafe-perm in lifecycle true
239 verbose readDependencies loading dependencies from E:\git\node-ccap\node_modules\ccap\package.json
240 silly prepareForInstallMany adding async@1.4.2 from ccap dependencies
241 silly prepareForInstallMany adding node-schedule@0.1.13 from ccap dependencies
242 silly prepareForInstallMany adding nan@1.7.0 from ccap dependencies
243 verbose readDependencies loading dependencies from E:\git\node-ccap\node_modules\ccap\package.json
244 silly cache add args [ 'async@1.4.2', null ]
245 verbose cache add spec async@1.4.2
246 silly cache add args [ 'node-schedule@0.1.13', null ]
247 verbose cache add spec node-schedule@0.1.13
248 silly cache add parsed spec { raw: 'async@1.4.2',
248 silly cache add   scope: null,
248 silly cache add   name: 'async',
248 silly cache add   rawSpec: '1.4.2',
248 silly cache add   spec: '1.4.2',
248 silly cache add   type: 'version' }
249 silly addNamed async@1.4.2
250 verbose addNamed "1.4.2" is a plain semver version for async
251 silly mapToRegistry name async
252 silly mapToRegistry using default registry
253 silly mapToRegistry registry https://registry.npmjs.org/
254 silly mapToRegistry uri https://registry.npmjs.org/async
255 verbose addNameVersion registry:https://registry.npmjs.org/async not in flight; fetching
256 silly cache add parsed spec { raw: 'node-schedule@0.1.13',
256 silly cache add   scope: null,
256 silly cache add   name: 'node-schedule',
256 silly cache add   rawSpec: '0.1.13',
256 silly cache add   spec: '0.1.13',
256 silly cache add   type: 'version' }
257 silly addNamed node-schedule@0.1.13
258 verbose addNamed "0.1.13" is a plain semver version for node-schedule
259 silly mapToRegistry name node-schedule
260 silly mapToRegistry using default registry
261 silly mapToRegistry registry https://registry.npmjs.org/
262 silly mapToRegistry uri https://registry.npmjs.org/node-schedule
263 verbose addNameVersion registry:https://registry.npmjs.org/node-schedule not in flight; fetching
264 silly cache add args [ 'nan@1.7.0', null ]
265 verbose cache add spec nan@1.7.0
266 silly cache add parsed spec { raw: 'nan@1.7.0',
266 silly cache add   scope: null,
266 silly cache add   name: 'nan',
266 silly cache add   rawSpec: '1.7.0',
266 silly cache add   spec: '1.7.0',
266 silly cache add   type: 'version' }
267 silly addNamed nan@1.7.0
268 verbose addNamed "1.7.0" is a plain semver version for nan
269 silly mapToRegistry name nan
270 silly mapToRegistry using default registry
271 silly mapToRegistry registry https://registry.npmjs.org/
272 silly mapToRegistry uri https://registry.npmjs.org/nan
273 verbose addNameVersion registry:https://registry.npmjs.org/nan not in flight; fetching
274 verbose request uri https://registry.npmjs.org/async
275 verbose request no auth needed
276 info attempt registry request try #1 at 17:09:12
277 verbose etag "9JE9CN171O471IETS1S5ZBSI8"
278 http request GET https://registry.npmjs.org/async
279 verbose request uri https://registry.npmjs.org/node-schedule
280 verbose request no auth needed
281 info attempt registry request try #1 at 17:09:12
282 verbose etag "325WL4KWXKBI2KYADMH0J1UIO"
283 http request GET https://registry.npmjs.org/node-schedule
284 verbose request uri https://registry.npmjs.org/nan
285 verbose request no auth needed
286 info attempt registry request try #1 at 17:09:12
287 verbose etag "EEJEYBDBWDA07LWTXUI68JUWL"
288 http request GET https://registry.npmjs.org/nan
289 http 304 https://registry.npmjs.org/node-schedule
290 silly get cb [ 304,
290 silly get   { date: 'Tue, 13 Oct 2015 09:08:26 GMT',
290 silly get     via: '1.1 varnish',
290 silly get     'cache-control': 'max-age=60',
290 silly get     etag: '"325WL4KWXKBI2KYADMH0J1UIO"',
290 silly get     age: '0',
290 silly get     connection: 'keep-alive',
290 silly get     'x-served-by': 'cache-itm7422-ITM',
290 silly get     'x-cache': 'HIT',
290 silly get     'x-cache-hits': '1',
290 silly get     'x-timer': 'S1444727306.086205,VS0,VE148',
290 silly get     vary: 'Accept' } ]
291 verbose etag https://registry.npmjs.org/node-schedule from cache
292 verbose get saving node-schedule to C:\Users\Administrator\AppData\Roaming\npm-cache\registry.npmjs.org\node-schedule\.cache.json
293 http 304 https://registry.npmjs.org/nan
294 silly get cb [ 304,
294 silly get   { date: 'Tue, 13 Oct 2015 09:08:26 GMT',
294 silly get     via: '1.1 varnish',
294 silly get     'cache-control': 'max-age=60',
294 silly get     etag: '"EEJEYBDBWDA07LWTXUI68JUWL"',
294 silly get     age: '0',
294 silly get     connection: 'keep-alive',
294 silly get     'x-served-by': 'cache-itm7424-ITM',
294 silly get     'x-cache': 'HIT',
294 silly get     'x-cache-hits': '1',
294 silly get     'x-timer': 'S1444727306.102255,VS0,VE149',
294 silly get     vary: 'Accept' } ]
295 verbose etag https://registry.npmjs.org/nan from cache
296 verbose get saving nan to C:\Users\Administrator\AppData\Roaming\npm-cache\registry.npmjs.org\nan\.cache.json
297 silly cache afterAdd node-schedule@0.1.13
298 verbose afterAdd C:\Users\Administrator\AppData\Roaming\npm-cache\node-schedule\0.1.13\package\package.json not in flight; writing
299 verbose afterAdd C:\Users\Administrator\AppData\Roaming\npm-cache\node-schedule\0.1.13\package\package.json written
300 silly cache afterAdd nan@1.7.0
301 verbose afterAdd C:\Users\Administrator\AppData\Roaming\npm-cache\nan\1.7.0\package\package.json not in flight; writing
302 verbose afterAdd C:\Users\Administrator\AppData\Roaming\npm-cache\nan\1.7.0\package\package.json written
303 http 200 https://registry.npmjs.org/async
304 silly get cb [ 200,
304 silly get   { server: 'CouchDB/1.5.0 (Erlang OTP/R16B03)',
304 silly get     etag: '"411MXMU868VFVJ8Z6TJT8AB7X"',
304 silly get     'content-type': 'application/json',
304 silly get     'cache-control': 'max-age=60',
304 silly get     'content-length': '129018',
304 silly get     'accept-ranges': 'bytes',
304 silly get     date: 'Tue, 13 Oct 2015 09:08:26 GMT',
304 silly get     via: '1.1 varnish',
304 silly get     age: '32',
304 silly get     connection: 'keep-alive',
304 silly get     'x-served-by': 'cache-itm7427-ITM',
304 silly get     'x-cache': 'HIT',
304 silly get     'x-cache-hits': '2',
304 silly get     'x-timer': 'S1444727306.070515,VS0,VE0',
304 silly get     vary: 'Accept' } ]
305 verbose get saving async to C:\Users\Administrator\AppData\Roaming\npm-cache\registry.npmjs.org\async\.cache.json
306 silly mapToRegistry name async
307 silly mapToRegistry using default registry
308 silly mapToRegistry registry https://registry.npmjs.org/
309 silly mapToRegistry uri https://registry.npmjs.org/async
310 verbose addRemoteTarball https://registry.npmjs.org/async/-/async-1.4.2.tgz not in flight; adding
311 verbose addRemoteTarball [ 'https://registry.npmjs.org/async/-/async-1.4.2.tgz',
311 verbose addRemoteTarball   '6c9edcb11ced4f0dd2f2d40db0d49a109c088aab' ]
312 info retry fetch attempt 1 at 17:09:13
313 info attempt registry request try #1 at 17:09:13
314 http fetch GET https://registry.npmjs.org/async/-/async-1.4.2.tgz
315 http fetch 200 https://registry.npmjs.org/async/-/async-1.4.2.tgz
316 silly fetchAndShaCheck shasum 6c9edcb11ced4f0dd2f2d40db0d49a109c088aab
317 verbose addTmpTarball C:\Users\ADMINI~1\AppData\Local\Temp\npm-7432-0bc06751\registry.npmjs.org\async\-\async-1.4.2.tgz not in flight; adding
318 verbose addTmpTarball already have metadata; skipping unpack for async@1.4.2
319 silly cache afterAdd async@1.4.2
320 verbose afterAdd C:\Users\Administrator\AppData\Roaming\npm-cache\async\1.4.2\package\package.json not in flight; writing
321 verbose afterAdd C:\Users\Administrator\AppData\Roaming\npm-cache\async\1.4.2\package\package.json written
322 silly install resolved [ { name: 'node-schedule',
322 silly install resolved     version: '0.1.13',
322 silly install resolved     description: 'A cron-like and not-cron-like job scheduler for Node.',
322 silly install resolved     keywords: [ 'schedule', 'task', 'job', 'cron' ],
322 silly install resolved     author:
322 silly install resolved      { name: 'Matt Patenaude',
322 silly install resolved        email: 'matt@mattpatenaude.com',
322 silly install resolved        url: 'http://mattpatenaude.com' },
322 silly install resolved     main: './lib/schedule.js',
322 silly install resolved     scripts: { test: 'nodeunit test' },
322 silly install resolved     repository:
322 silly install resolved      { type: 'git',
322 silly install resolved        url: 'git+https://github.com/mattpat/node-schedule.git' },
322 silly install resolved     devDependencies: { nodeunit: '~0.8.1' },
322 silly install resolved     bugs: { url: 'https://github.com/mattpat/node-schedule/issues' },
322 silly install resolved     _id: 'node-schedule@0.1.13',
322 silly install resolved     dist:
322 silly install resolved      { shasum: '6370ce11c87ff13dfc2c4163e393872ec2a8ee80',
322 silly install resolved        tarball: 'http://registry.npmjs.org/node-schedule/-/node-schedule-0.1.13.tgz' },
322 silly install resolved     _from: 'node-schedule@0.1.13',
322 silly install resolved     _npmVersion: '1.3.11',
322 silly install resolved     _npmUser: { name: 'mattpat', email: 'matt@mattpatenaude.com' },
322 silly install resolved     maintainers: [ [Object] ],
322 silly install resolved     directories: {},
322 silly install resolved     _shasum: '6370ce11c87ff13dfc2c4163e393872ec2a8ee80',
322 silly install resolved     _resolved: 'https://registry.npmjs.org/node-schedule/-/node-schedule-0.1.13.tgz',
322 silly install resolved     readme: 'ERROR: No README data found!',
322 silly install resolved     homepage: 'https://github.com/mattpat/node-schedule#readme' },
322 silly install resolved   { name: 'nan',
322 silly install resolved     version: '1.7.0',
322 silly install resolved     description: 'Native Abstractions for Node.js: C++ header for Node 0.8->0.12 compatibility',
322 silly install resolved     main: 'include_dirs.js',
322 silly install resolved     repository: { type: 'git', url: 'git://github.com/rvagg/nan.git' },
322 silly install resolved     scripts:
322 silly install resolved      { test: 'tap --gc test/js/*-test.js',
322 silly install resolved        'rebuild-tests': 'pangyp rebuild --directory test' },
322 silly install resolved     contributors:
322 silly install resolved      [ [Object],
322 silly install resolved        [Object],
322 silly install resolved        [Object],
322 silly install resolved        [Object],
322 silly install resolved        [Object],
322 silly install resolved        [Object],
322 silly install resolved        [Object] ],
322 silly install resolved     devDependencies:
322 silly install resolved      { bindings: '~1.2.1',
322 silly install resolved        'node-gyp': '~1.0.2',
322 silly install resolved        pangyp: '~2.0.1',
322 silly install resolved        tap: '~0.5.0',
322 silly install resolved        xtend: '~4.0.0' },
322 silly install resolved     license: 'MIT',
322 silly install resolved     gitHead: '550efb5dde5cb6bf79db87ab48dce850e56e971a',
322 silly install resolved     bugs: { url: 'https://github.com/rvagg/nan/issues' },
322 silly install resolved     homepage: 'https://github.com/rvagg/nan',
322 silly install resolved     _id: 'nan@1.7.0',
322 silly install resolved     _shasum: '755b997404e83cbe7bc08bc3c5c56291bce87438',
322 silly install resolved     _from: 'nan@1.7.0',
322 silly install resolved     _npmVersion: '2.5.1',
322 silly install resolved     _nodeVersion: '0.12.0',
322 silly install resolved     _npmUser: { name: 'kkoopa', email: 'bbyholm@abo.fi' },
322 silly install resolved     maintainers: [ [Object], [Object] ],
322 silly install resolved     dist:
322 silly install resolved      { shasum: '755b997404e83cbe7bc08bc3c5c56291bce87438',
322 silly install resolved        tarball: 'http://registry.npmjs.org/nan/-/nan-1.7.0.tgz' },
322 silly install resolved     directories: {},
322 silly install resolved     _resolved: 'https://registry.npmjs.org/nan/-/nan-1.7.0.tgz',
322 silly install resolved     readme: 'ERROR: No README data found!' },
322 silly install resolved   { name: 'async',
322 silly install resolved     description: 'Higher-order functions and common patterns for asynchronous code',
322 silly install resolved     main: 'lib/async.js',
322 silly install resolved     files: [ 'lib' ],
322 silly install resolved     author: { name: 'Caolan McMahon' },
322 silly install resolved     version: '1.4.2',
322 silly install resolved     keywords: [ 'async', 'callback', 'utility', 'module' ],
322 silly install resolved     repository: { type: 'git', url: 'git+https://github.com/caolan/async.git' },
322 silly install resolved     bugs: { url: 'https://github.com/caolan/async/issues' },
322 silly install resolved     license: 'MIT',
322 silly install resolved     devDependencies:
322 silly install resolved      { benchmark: 'github:bestiejs/benchmark.js',
322 silly install resolved        bluebird: '^2.9.32',
322 silly install resolved        chai: '^3.1.0',
322 silly install resolved        coveralls: '^2.11.2',
322 silly install resolved        'es6-promise': '^2.3.0',
322 silly install resolved        jscs: '^1.13.1',
322 silly install resolved        jshint: '~2.8.0',
322 silly install resolved        karma: '^0.13.2',
322 silly install resolved        'karma-browserify': '^4.2.1',
322 silly install resolved        'karma-firefox-launcher': '^0.1.6',
322 silly install resolved        'karma-mocha': '^0.2.0',
322 silly install resolved        'karma-mocha-reporter': '^1.0.2',
322 silly install resolved        lodash: '^3.9.0',
322 silly install resolved        mkdirp: '~0.5.1',
322 silly install resolved        mocha: '^2.2.5',
322 silly install resolved        'native-promise-only': '^0.8.0-a',
322 silly install resolved        nodeunit: '>0.0.0',
322 silly install resolved        nyc: '^2.1.0',
322 silly install resolved        rsvp: '^3.0.18',
322 silly install resolved        'uglify-js': '~2.4.0',
322 silly install resolved        xyz: '^0.5.0',
322 silly install resolved        yargs: '~3.9.1' },
322 silly install resolved     jam: { main: 'lib/async.js', include: [Object], categories: [Object] },
322 silly install resolved     scripts:
322 silly install resolved      { 'mocha-node-test': 'mocha mocha_test/',
322 silly install resolved        'mocha-browser-test': 'karma start',
322 silly install resolved        'mocha-test': 'npm run mocha-node-test && npm run mocha-browser-test',
322 silly install resolved        'nodeunit-test': 'nodeunit test/test-async.js',
322 silly install resolved        test: 'npm run-script lint && npm run nodeunit-test && npm run mocha-test',
322 silly install resolved        lint: 'jshint lib/*.js test/*.js perf/*.js && jscs lib/*.js test/*.js perf/*.js',
322 silly install resolved        coverage: 'nyc npm test && nyc report',
322 silly install resolved        coveralls: 'nyc npm test && nyc report --reporter=text-lcov | coveralls' },
322 silly install resolved     spm: { main: 'lib/async.js' },
322 silly install resolved     volo: { main: 'lib/async.js', ignore: [Object] },
322 silly install resolved     gitHead: '92f78aebad222d60c13e4299c0e723f2fe2d6611',
322 silly install resolved     homepage: 'https://github.com/caolan/async#readme',
322 silly install resolved     _id: 'async@1.4.2',
322 silly install resolved     _shasum: '6c9edcb11ced4f0dd2f2d40db0d49a109c088aab',
322 silly install resolved     _from: 'async@1.4.2',
322 silly install resolved     _npmVersion: '2.9.0',
322 silly install resolved     _nodeVersion: '2.0.1',
322 silly install resolved     _npmUser: { name: 'megawac', email: 'megawac@gmail.com' },
322 silly install resolved     dist:
322 silly install resolved      { shasum: '6c9edcb11ced4f0dd2f2d40db0d49a109c088aab',
322 silly install resolved        tarball: 'http://registry.npmjs.org/async/-/async-1.4.2.tgz' },
322 silly install resolved     maintainers: [ [Object], [Object], [Object], [Object] ],
322 silly install resolved     directories: {},
322 silly install resolved     _resolved: 'https://registry.npmjs.org/async/-/async-1.4.2.tgz' } ]
323 info install node-schedule@0.1.13 into E:\git\node-ccap\node_modules\ccap
324 info install nan@1.7.0 into E:\git\node-ccap\node_modules\ccap
325 info install async@1.4.2 into E:\git\node-ccap\node_modules\ccap
326 info installOne node-schedule@0.1.13
327 verbose installOne of node-schedule to E:\git\node-ccap\node_modules\ccap not in flight; installing
328 info installOne nan@1.7.0
329 verbose installOne of nan to E:\git\node-ccap\node_modules\ccap not in flight; installing
330 info installOne async@1.4.2
331 verbose installOne of async to E:\git\node-ccap\node_modules\ccap not in flight; installing
332 verbose lock using C:\Users\Administrator\AppData\Roaming\npm-cache\_locks\nan-3373cbf2fb8a2d5a.lock for E:\git\node-ccap\node_modules\ccap\node_modules\nan
333 verbose lock using C:\Users\Administrator\AppData\Roaming\npm-cache\_locks\async-39f37514651a968d.lock for E:\git\node-ccap\node_modules\ccap\node_modules\async
334 verbose lock using C:\Users\Administrator\AppData\Roaming\npm-cache\_locks\node-schedule-7eea3c8fd6d5bce1.lock for E:\git\node-ccap\node_modules\ccap\node_modules\node-schedule
335 silly install write writing nan 1.7.0 to E:\git\node-ccap\node_modules\ccap\node_modules\nan
336 silly install write writing async 1.4.2 to E:\git\node-ccap\node_modules\ccap\node_modules\async
337 silly install write writing node-schedule 0.1.13 to E:\git\node-ccap\node_modules\ccap\node_modules\node-schedule
338 verbose unbuild node_modules\ccap\node_modules\nan
339 verbose unbuild node_modules\ccap\node_modules\async
340 verbose unbuild node_modules\ccap\node_modules\node-schedule
341 silly gentlyRm E:\git\node-ccap\node_modules\ccap\node_modules\nan is being purged from base E:\git\node-ccap
342 verbose gentlyRm don't care about contents; nuking E:\git\node-ccap\node_modules\ccap\node_modules\nan
343 silly gentlyRm E:\git\node-ccap\node_modules\ccap\node_modules\async is being purged from base E:\git\node-ccap
344 verbose gentlyRm don't care about contents; nuking E:\git\node-ccap\node_modules\ccap\node_modules\async
345 silly gentlyRm E:\git\node-ccap\node_modules\ccap\node_modules\node-schedule is being purged from base E:\git\node-ccap
346 verbose gentlyRm don't care about contents; nuking E:\git\node-ccap\node_modules\ccap\node_modules\node-schedule
347 verbose tar unpack C:\Users\Administrator\AppData\Roaming\npm-cache\nan\1.7.0\package.tgz
348 verbose tar unpacking to E:\git\node-ccap\node_modules\ccap\node_modules\nan
349 silly gentlyRm E:\git\node-ccap\node_modules\ccap\node_modules\nan is being purged
350 verbose gentlyRm don't care about contents; nuking E:\git\node-ccap\node_modules\ccap\node_modules\nan
351 verbose tar unpack C:\Users\Administrator\AppData\Roaming\npm-cache\async\1.4.2\package.tgz
352 verbose tar unpacking to E:\git\node-ccap\node_modules\ccap\node_modules\async
353 silly gentlyRm E:\git\node-ccap\node_modules\ccap\node_modules\async is being purged
354 verbose gentlyRm don't care about contents; nuking E:\git\node-ccap\node_modules\ccap\node_modules\async
355 verbose tar unpack C:\Users\Administrator\AppData\Roaming\npm-cache\node-schedule\0.1.13\package.tgz
356 verbose tar unpacking to E:\git\node-ccap\node_modules\ccap\node_modules\node-schedule
357 silly gentlyRm E:\git\node-ccap\node_modules\ccap\node_modules\node-schedule is being purged
358 verbose gentlyRm don't care about contents; nuking E:\git\node-ccap\node_modules\ccap\node_modules\node-schedule
359 silly gunzTarPerm modes [ '777', '666' ]
360 silly gunzTarPerm modes [ '777', '666' ]
361 silly gunzTarPerm modes [ '777', '666' ]
362 silly gunzTarPerm extractEntry package.json
363 silly gunzTarPerm modified mode [ 'package.json', 420, 438 ]
364 silly gunzTarPerm extractEntry LICENSE
365 silly gunzTarPerm modified mode [ 'LICENSE', 420, 438 ]
366 silly gunzTarPerm extractEntry CHANGELOG.md
367 silly gunzTarPerm modified mode [ 'CHANGELOG.md', 420, 438 ]
368 silly gunzTarPerm extractEntry package.json
369 silly gunzTarPerm modified mode [ 'package.json', 436, 438 ]
370 silly gunzTarPerm extractEntry lib/async.js
371 silly gunzTarPerm modified mode [ 'lib/async.js', 420, 438 ]
372 silly gunzTarPerm extractEntry include_dirs.js
373 silly gunzTarPerm modified mode [ 'include_dirs.js', 436, 438 ]
374 silly gunzTarPerm extractEntry LICENSE.md
375 silly gunzTarPerm modified mode [ 'LICENSE.md', 436, 438 ]
376 silly gunzTarPerm extractEntry package.json
377 silly gunzTarPerm modified mode [ 'package.json', 420, 438 ]
378 silly gunzTarPerm extractEntry .npmignore
379 silly gunzTarPerm modified mode [ '.npmignore', 420, 438 ]
380 silly gunzTarPerm extractEntry README.md
381 silly gunzTarPerm modified mode [ 'README.md', 420, 438 ]
382 silly gunzTarPerm extractEntry .dntrc
383 silly gunzTarPerm modified mode [ '.dntrc', 436, 438 ]
384 silly gunzTarPerm extractEntry appveyor.yml
385 silly gunzTarPerm modified mode [ 'appveyor.yml', 436, 438 ]
386 silly gunzTarPerm extractEntry lib/increment.js
387 silly gunzTarPerm modified mode [ 'lib/increment.js', 420, 438 ]
388 silly gunzTarPerm extractEntry lib/schedule.js
389 silly gunzTarPerm modified mode [ 'lib/schedule.js', 420, 438 ]
390 silly gunzTarPerm extractEntry nan.h
391 silly gunzTarPerm modified mode [ 'nan.h', 436, 438 ]
392 silly gunzTarPerm extractEntry nan_implementation_12_inl.h
393 silly gunzTarPerm modified mode [ 'nan_implementation_12_inl.h', 436, 438 ]
394 silly gunzTarPerm extractEntry nan_implementation_pre_12_inl.h
395 silly gunzTarPerm modified mode [ 'nan_implementation_pre_12_inl.h', 436, 438 ]
396 silly gunzTarPerm extractEntry nan_new.h
397 silly gunzTarPerm modified mode [ 'nan_new.h', 436, 438 ]
398 silly gunzTarPerm extractEntry nan_string_bytes.h
399 silly gunzTarPerm modified mode [ 'nan_string_bytes.h', 436, 438 ]
400 silly gunzTarPerm extractEntry CHANGELOG.md
401 silly gunzTarPerm modified mode [ 'CHANGELOG.md', 436, 438 ]
402 silly gunzTarPerm extractEntry test/convenience-method-test.js
403 silly gunzTarPerm modified mode [ 'test/convenience-method-test.js', 420, 438 ]
404 silly gunzTarPerm extractEntry test/date-convenience-methods-test.js
405 silly gunzTarPerm modified mode [ 'test/date-convenience-methods-test.js', 420, 438 ]
406 silly gunzTarPerm extractEntry test/job-test.js
407 silly gunzTarPerm modified mode [ 'test/job-test.js', 420, 438 ]
408 silly gunzTarPerm extractEntry test/range-test.js
409 silly gunzTarPerm modified mode [ 'test/range-test.js', 420, 438 ]
410 silly gunzTarPerm extractEntry test/recurrence-rule-test.js
411 silly gunzTarPerm modified mode [ 'test/recurrence-rule-test.js', 420, 438 ]
412 verbose write writing to E:\git\node-ccap\node_modules\ccap\node_modules\async\package.json
413 info preinstall async@1.4.2
414 verbose readDependencies loading dependencies from E:\git\node-ccap\node_modules\ccap\node_modules\async\package.json
415 verbose readDependencies loading dependencies from E:\git\node-ccap\node_modules\ccap\node_modules\async\package.json
416 silly install resolved []
417 verbose about to build E:\git\node-ccap\node_modules\ccap\node_modules\async
418 info build E:\git\node-ccap\node_modules\ccap\node_modules\async
419 info linkStuff async@1.4.2
420 silly linkStuff async@1.4.2 has E:\git\node-ccap\node_modules\ccap\node_modules as its parent node_modules
421 verbose linkBins async@1.4.2
422 verbose linkMans async@1.4.2
423 verbose rebuildBundles async@1.4.2
424 info install async@1.4.2
425 info postinstall async@1.4.2
426 verbose unlock done using C:\Users\Administrator\AppData\Roaming\npm-cache\_locks\async-39f37514651a968d.lock for E:\git\node-ccap\node_modules\ccap\node_modules\async
427 verbose write writing to E:\git\node-ccap\node_modules\ccap\node_modules\node-schedule\package.json
428 info preinstall node-schedule@0.1.13
429 verbose readDependencies loading dependencies from E:\git\node-ccap\node_modules\ccap\node_modules\node-schedule\package.json
430 verbose readDependencies loading dependencies from E:\git\node-ccap\node_modules\ccap\node_modules\node-schedule\package.json
431 silly install resolved []
432 verbose about to build E:\git\node-ccap\node_modules\ccap\node_modules\node-schedule
433 info build E:\git\node-ccap\node_modules\ccap\node_modules\node-schedule
434 info linkStuff node-schedule@0.1.13
435 silly linkStuff node-schedule@0.1.13 has E:\git\node-ccap\node_modules\ccap\node_modules as its parent node_modules
436 verbose linkBins node-schedule@0.1.13
437 verbose linkMans node-schedule@0.1.13
438 verbose rebuildBundles node-schedule@0.1.13
439 info install node-schedule@0.1.13
440 info postinstall node-schedule@0.1.13
441 verbose unlock done using C:\Users\Administrator\AppData\Roaming\npm-cache\_locks\node-schedule-7eea3c8fd6d5bce1.lock for E:\git\node-ccap\node_modules\ccap\node_modules\node-schedule
442 verbose write writing to E:\git\node-ccap\node_modules\ccap\node_modules\nan\package.json
443 info preinstall nan@1.7.0
444 verbose readDependencies loading dependencies from E:\git\node-ccap\node_modules\ccap\node_modules\nan\package.json
445 verbose readDependencies loading dependencies from E:\git\node-ccap\node_modules\ccap\node_modules\nan\package.json
446 silly install resolved []
447 verbose about to build E:\git\node-ccap\node_modules\ccap\node_modules\nan
448 info build E:\git\node-ccap\node_modules\ccap\node_modules\nan
449 info linkStuff nan@1.7.0
450 silly linkStuff nan@1.7.0 has E:\git\node-ccap\node_modules\ccap\node_modules as its parent node_modules
451 verbose linkBins nan@1.7.0
452 verbose linkMans nan@1.7.0
453 verbose rebuildBundles nan@1.7.0
454 info install nan@1.7.0
455 info postinstall nan@1.7.0
456 verbose unlock done using C:\Users\Administrator\AppData\Roaming\npm-cache\_locks\nan-3373cbf2fb8a2d5a.lock for E:\git\node-ccap\node_modules\ccap\node_modules\nan
457 verbose about to build E:\git\node-ccap\node_modules\ccap
458 info build E:\git\node-ccap\node_modules\ccap
459 info linkStuff ccap@0.6.4
460 silly linkStuff ccap@0.6.4 has E:\git\node-ccap\node_modules as its parent node_modules
461 verbose linkBins ccap@0.6.4
462 verbose linkMans ccap@0.6.4
463 verbose rebuildBundles ccap@0.6.4
464 verbose rebuildBundles [ 'async', 'nan', 'node-schedule' ]
465 info install ccap@0.6.4
466 verbose unsafe-perm in lifecycle true
467 info postinstall ccap@0.6.4
468 verbose unlock done using C:\Users\Administrator\AppData\Roaming\npm-cache\_locks\ccap-467accc102f19160.lock for E:\git\node-ccap\node_modules\ccap
469 info build E:\git\node-ccap
470 info linkStuff ccap@1.0.0
471 silly linkStuff ccap@1.0.0 has E:\git as its parent node_modules
472 verbose linkBins ccap@1.0.0
473 verbose linkMans ccap@1.0.0
474 verbose rebuildBundles ccap@1.0.0
475 verbose rebuildBundles [ 'ccap', 'querystring' ]
476 info install ccap@1.0.0
477 verbose unsafe-perm in lifecycle true
478 info ccap@1.0.0 Failed to exec install script
479 verbose stack Error: ccap@1.0.0 install: `node-gyp rebuild`
479 verbose stack Exit status 1
479 verbose stack     at EventEmitter.<anonymous> (D:\李梦龙软件\nodejs\node_modules\npm\lib\utils\lifecycle.js:213:16)
479 verbose stack     at EventEmitter.emit (events.js:110:17)
479 verbose stack     at ChildProcess.<anonymous> (D:\李梦龙软件\nodejs\node_modules\npm\lib\utils\spawn.js:24:14)
479 verbose stack     at ChildProcess.emit (events.js:110:17)
479 verbose stack     at maybeClose (child_process.js:1015:16)
479 verbose stack     at Process.ChildProcess._handle.onexit (child_process.js:1087:5)
480 verbose pkgid ccap@1.0.0
481 verbose cwd E:\git\node-ccap
482 error Windows_NT 6.1.7601
483 error argv "D:\\李梦龙软件\\nodejs\\\\node.exe" "D:\\李梦龙软件\\nodejs\\node_modules\\npm\\bin\\npm-cli.js" "install"
484 error node v0.12.7
485 error npm  v2.11.3
486 error code ELIFECYCLE
487 error ccap@1.0.0 install: `node-gyp rebuild`
487 error Exit status 1
488 error Failed at the ccap@1.0.0 install script 'node-gyp rebuild'.
488 error This is most likely a problem with the ccap package,
488 error not with npm itself.
488 error Tell the author that this fails on your system:
488 error     node-gyp rebuild
488 error You can get their info via:
488 error     npm owner ls ccap
488 error There is likely additional logging output above.
489 verbose exit [ 1, true ]
